<?xml version="1.0" encoding="UTF-8"?>
<testsuite xmlns:xsi="http://www.w3.org/2001/XMLSchema-instance" xsi:noNamespaceSchemaLocation="https://maven.apache.org/surefire/maven-surefire-plugin/xsd/surefire-test-report.xsd" version="3.0.2" name="TestSuite" time="32.055" tests="2" errors="0" skipped="0" failures="0">
  <properties>
[...]
</properties>
  <testcase name="verify_account_registration" classname="testCases.TC001_AccountRegistrationTest" time="4.193">
    <system-out><![CDATA[2025-07-07T14:18:22.186760200Z main INFO Starting configuration XmlConfiguration[location=C:\24-03-2025\OpencartV121\target\test-classes\log4j2.xml, lastModified=2025-07-03T15:34:12.856Z]...
2025-07-07T14:18:22.189765400Z main INFO Start watching for changes to C:\24-03-2025\OpencartV121\target\test-classes\log4j2.xml every 0 seconds
2025-07-07T14:18:22.189765400Z main INFO Configuration XmlConfiguration[location=C:\24-03-2025\OpencartV121\target\test-classes\log4j2.xml, lastModified=2025-07-03T15:34:12.856Z] started.
2025-07-07T14:18:22.198762Z main INFO Stopping configuration org.apache.logging.log4j.core.config.DefaultConfiguration@4ff4357f...
2025-07-07T14:18:22.198762Z main INFO Configuration org.apache.logging.log4j.core.config.DefaultConfiguration@4ff4357f stopped.
]]></system-out>
    <system-err><![CDATA[SLF4J(W): No SLF4J providers were found.
SLF4J(W): Defaulting to no-operation (NOP) logger implementation
SLF4J(W): See https://www.slf4j.org/codes.html#noProviders for further details.
SLF4J(W): Class path contains SLF4J bindings targeting slf4j-api versions 1.7.x or earlier.
SLF4J(W): Ignoring binding found at [jar:file:/C:/Users/BABA/.m2/repository/org/apache/logging/log4j/log4j-slf4j-impl/2.24.3/log4j-slf4j-impl-2.24.3.jar!/org/slf4j/impl/StaticLoggerBinder.class]
SLF4J(W): See https://www.slf4j.org/codes.html#ignoredBindings for an explanation.
Jul 07, 2025 7:48:22 PM org.openqa.selenium.remote.tracing.opentelemetry.OpenTelemetryTracer createTracer
INFO: Using OpenTelemetry for tracing
]]></system-err>
  </testcase>
  <testcase name="verify_login" classname="testCases.TC002_LoginTest" time="3.073"/>
</testsuite>